<?xml version="1.0" encoding="UTF-8"?>
<!-- Generated by org.testng.reporters.JUnitReportReporter -->
<testsuite hostname="LAPTOP-U1F7AI83" failures="0" tests="1" name="utility.BaseClass" time="8.973" errors="0" timestamp="2022-07-06T01:37:13 IST" skipped="0">
  <testcase classname="utility.BaseClass" name="openURL" time="8.973"/>
  <system-out/>
</testsuite> <!-- utility.BaseClass -->
