<?xml version="1.0" encoding="UTF-8"?>
<!-- Generated by org.testng.reporters.JUnitReportReporter -->
<testsuite hostname="LAPTOP-U1F7AI83" failures="0" tests="1" name="test.GrowwLoginTest" time="10.841" errors="0" timestamp="2022-07-06T01:40:47 IST" skipped="0">
  <testcase classname="test.GrowwLoginTest" name="login" time="10.841"/>
  <system-out/>
</testsuite> <!-- test.GrowwLoginTest -->
